<?xml version="1.0" encoding="UTF-8"?>
<!-- Generated by org.testng.reporters.JUnitReportReporter -->
<testsuite hostname="raghobasontakke" failures="0" tests="1" name="Interview_Task.Validate_TO_Broken_Images" time="31.527" errors="0" timestamp="2023-06-08T17:23:29 IST" skipped="0">
  <testcase classname="Interview_Task.Validate_TO_Broken_Images" name="Checkbrokenimage" time="31.527"/>
  <system-out/>
</testsuite> <!-- Interview_Task.Validate_TO_Broken_Images -->
