<?xml version="1.0" encoding="UTF-8"?>
<!-- Generated by org.testng.reporters.JUnitReportReporter -->
<testsuite hostname="raghobasontakke" failures="0" tests="1" name="Interview_Task.upload_file" time="7.213" errors="0" timestamp="2023-06-08T09:56:57 IST" skipped="0">
  <testcase classname="Interview_Task.upload_file" name="upload" time="7.213"/>
  <system-out/>
</testsuite> <!-- Interview_Task.upload_file -->
